\BOOKMARK [0][-]{chapter*.3}{Lista de Algor\355thmos}{}
\BOOKMARK [0][-]{chapter*.4}{Lista de Figuras}{}
\BOOKMARK [0][-]{chapter*.5}{Lista de Tabelas}{}
\BOOKMARK [0][-]{chapter*.6}{Lista de Abreviaturas}{}
\BOOKMARK [0][-]{chapter.1}{Introdu\347\343o}{}
\BOOKMARK [1][-]{section.1.1}{Motiva\347\343o}{chapter.1}
\BOOKMARK [1][-]{section.1.2}{Objetivo}{chapter.1}
\BOOKMARK [1][-]{section.1.3}{Organiza\347\343o da Disserta\347\343o}{chapter.1}
\BOOKMARK [0][-]{chapter.2}{Superf\355cies Baseada em Pontos}{}
\BOOKMARK [1][-]{section.2.1}{Splat}{chapter.2}
\BOOKMARK [2][-]{subsection.2.1.1}{Normal}{section.2.1}
\BOOKMARK [2][-]{subsection.2.1.2}{Splat Ell\355ptico}{section.2.1}
\BOOKMARK [1][-]{section.2.2}{Surface Splatting}{chapter.2}
\BOOKMARK [0][-]{chapter.3}{Processamento de Modelos Baseado em Pontos}{}
\BOOKMARK [1][-]{section.3.1}{Estrutura de Multiresolu\347\343o}{chapter.3}
\BOOKMARK [1][-]{section.3.2}{Octrees}{chapter.3}
\BOOKMARK [1][-]{section.3.3}{kd-Tree}{chapter.3}
\BOOKMARK [1][-]{section.3.4}{Hierarquia de Volumes Envolventes}{chapter.3}
\BOOKMARK [0][-]{chapter.4}{Simplifica\347\343o de Superf\355cies de Pontos}{}
\BOOKMARK [1][-]{section.4.1}{Trabalho Relacionados}{chapter.4}
\BOOKMARK [1][-]{section.4.2}{M\351todo Proposto}{chapter.4}
\BOOKMARK [0][-]{chapter.5}{Multiresolu\347\343o e Nivel de Detalhe}{}
\BOOKMARK [1][-]{section.5.1}{Trabalhos Relacionados}{chapter.5}
\BOOKMARK [1][-]{section.5.2}{QSplat}{chapter.5}
\BOOKMARK [2][-]{subsection.5.2.1}{QSplat Estrutura de Dados}{section.5.2}
\BOOKMARK [2][-]{subsection.5.2.2}{Renderiza\347\343o}{section.5.2}
\BOOKMARK [2][-]{subsection.5.2.3}{Discuss\343o}{section.5.2}
\BOOKMARK [1][-]{section.5.3}{Sequential Point Trees}{chapter.5}
\BOOKMARK [2][-]{subsection.5.3.1}{Hierarquia de Pontos}{section.5.3}
\BOOKMARK [2][-]{subsection.5.3.2}{M\351tricas de Erro}{section.5.3}
\BOOKMARK [2][-]{subsection.5.3.3}{Renderiza\347\343o Recursiva}{section.5.3}
\BOOKMARK [2][-]{subsection.5.3.4}{Arranjamento}{section.5.3}
\BOOKMARK [2][-]{subsection.5.3.5}{Discuss\343o}{section.5.3}
\BOOKMARK [0][-]{chapter.6}{Conclus\343o e Trabalhos Futuros}{}
\BOOKMARK [0][-]{appendix.A}{C\363digo Fonte}{}
